<?xml version="1.0" encoding="UTF-8"?>
<testsuite xmlns:xsi="http://www.w3.org/2001/XMLSchema-instance" xsi:noNamespaceSchemaLocation="https://maven.apache.org/surefire/maven-surefire-plugin/xsd/surefire-test-report-3.0.xsd" version="3.0" name="Test.CategoryManagementPanelTest" time="1.52" tests="4" errors="0" skipped="0" failures="0">
  <properties>
[...]
</properties>
  <testcase name="testAddCategory" classname="Test.CategoryManagementPanelTest" time="1.387"/>
  <testcase name="testUpdateCategory" classname="Test.CategoryManagementPanelTest" time="0.012"/>
  <testcase name="testDeleteCategory" classname="Test.CategoryManagementPanelTest" time="0.02"/>
  <testcase name="testLoadCategories" classname="Test.CategoryManagementPanelTest" time="0.014"/>
</testsuite>